<xml><ToUserName><![CDATA[gh_9982d238970d]]></ToUserName>
<FromUserName><![CDATA[oVdr7jqVL5qD3NdnueKTmN2toAqc]]></FromUserName>
<CreateTime>1363533041</CreateTime>
<MsgType><![CDATA[text]]></MsgType>
<Content><![CDATA[y]]></Content>
<MsgId>5856329818110427177</MsgId>
</xml><xml>
       <ToUserName><![CDATA[toUser]]></ToUserName>
       <FromUserName><![CDATA[fromUser]]></FromUserName>
       <CreateTime>1348831860</CreateTime>
       <MsgType><![CDATA[text]]></MsgType>
       <Content><![CDATA[update]]></Content>
     </xml><xml><ToUserName><![CDATA[gh_9982d238970d]]></ToUserName>
<FromUserName><![CDATA[oVdr7jqVL5qD3NdnueKTmN2toAqc]]></FromUserName>
<CreateTime>1363604296</CreateTime>
<MsgType><![CDATA[text]]></MsgType>
<Content><![CDATA[y]]></Content>
<MsgId>5856635856005103658</MsgId>
</xml><xml><ToUserName><![CDATA[gh_9982d238970d]]></ToUserName>
<FromUserName><![CDATA[oVdr7jqVL5qD3NdnueKTmN2toAqc]]></FromUserName>
<CreateTime>1363604420</CreateTime>
<MsgType><![CDATA[text]]></MsgType>
<Content><![CDATA[y]]></Content>
<MsgId>5856636388581048363</MsgId>
</xml><xml><ToUserName><![CDATA[gh_9982d238970d]]></ToUserName>
<FromUserName><![CDATA[oVdr7jqVL5qD3NdnueKTmN2toAqc]]></FromUserName>
<CreateTime>1363619504</CreateTime>
<MsgType><![CDATA[text]]></MsgType>
<Content><![CDATA[update]]></Content>
<MsgId>5856701173867741229</MsgId>
</xml><xml><ToUserName><![CDATA[gh_9982d238970d]]></ToUserName>
<FromUserName><![CDATA[oVdr7jhSoVSHNFD-pc4-YhKq9B38]]></FromUserName>
<CreateTime>1363688768</CreateTime>
<MsgType><![CDATA[text]]></MsgType>
<Content><![CDATA[haha]]></Content>
<MsgId>5856998660482531374</MsgId>
</xml><xml><ToUserName><![CDATA[gh_9982d238970d]]></ToUserName>
<FromUserName><![CDATA[oVdr7jupsvKqVWY62IgFtwluc7A4]]></FromUserName>
<CreateTime>1363688771</CreateTime>
<MsgType><![CDATA[text]]></MsgType>
<Content><![CDATA[!]]></Content>
<MsgId>5856998673367433264</MsgId>
</xml><xml><ToUserName><![CDATA[gh_9982d238970d]]></ToUserName>
<FromUserName><![CDATA[oVdr7jui5-u_jh7vsDXU-LhPBX2c]]></FromUserName>
<CreateTime>1363688776</CreateTime>
<MsgType><![CDATA[text]]></MsgType>
<Content><![CDATA[1]]></Content>
<MsgId>5856998694842269746</MsgId>
</xml><xml><ToUserName><![CDATA[gh_9982d238970d]]></ToUserName>
<FromUserName><![CDATA[oVdr7jupsvKqVWY62IgFtwluc7A4]]></FromUserName>
<CreateTime>1363688858</CreateTime>
<MsgType><![CDATA[text]]></MsgType>
<Content><![CDATA[Detail]]></Content>
<MsgId>5856999047029588020</MsgId>
</xml><xml><ToUserName><![CDATA[gh_9982d238970d]]></ToUserName>
<FromUserName><![CDATA[oVdr7jhSoVSHNFD-pc4-YhKq9B38]]></FromUserName>
<CreateTime>1363690573</CreateTime>
<MsgType><![CDATA[voice]]></MsgType>
<MediaId><![CDATA[brkX5uX2d5ej_vW9n69Fcyv_-ScIwCxd3-27l2IppYAIP4N87XDPF6Q7Cw7zROWc]]></MediaId>
<Format><![CDATA[amr]]></Format>
<MsgId>5857006412898500662</MsgId>
</xml><xml><ToUserName><![CDATA[gh_9982d238970d]]></ToUserName>
<FromUserName><![CDATA[oVdr7jqVL5qD3NdnueKTmN2toAqc]]></FromUserName>
<CreateTime>1363690628</CreateTime>
<MsgType><![CDATA[voice]]></MsgType>
<MediaId><![CDATA[IRuAEhBvKniWeOyBSwNYcnz3a0OGYiO0u5R1cDPWLeFMbOm5pFqKOVnl33Q90VlF]]></MediaId>
<Format><![CDATA[amr]]></Format>
<MsgId>5857006649121701944</MsgId>
</xml>